<?xml version="1.0" encoding="UTF-8"?>
<!-- Generated by org.testng.reporters.JUnitReportReporter -->
<testsuite hostname="DESKTOP-28" failures="0" tests="2" name="testScripts.MonitorTest" time="41.442" errors="0" timestamp="2024-04-24T12:44:00 IST" skipped="0">
  <testcase classname="testScripts.MonitorTest" name="Applemonitor24" time="15.904">
    <system-out>
      <![CDATA[Apple Monitor24 is Purchased]]>
    </system-out>
  </testcase> <!-- Applemonitor24 -->
  <testcase classname="testScripts.MonitorTest" name="ASUSFullHD" time="25.538">
    <system-out>
      <![CDATA[ASUS Full HD is Purchased]]>
    </system-out>
  </testcase> <!-- ASUSFullHD -->
  <system-out>
    <![CDATA[connect to database
Before test
Before class
Login
Dell 15.6 Inch Laptop is Purchased
Logout
Login
Dell i7 8gb Laptop is Purchased
Logout
Login
MacBook Pro Laptop is Purchased
Logout
Login
MacBook air Laptop is Purchased
Logout
Login
Logout
Login
Sony vaio i7 Laptop is Purchased
Logout
After class
Before class
Login
ASUS Full HD is Purchased
Logout
Login
Apple Monitor24 is Purchased
Logout
Login
Dell 15.6 Inch Laptop is Purchased
Logout
Login
Dell i7 8gb Laptop is Purchased
Logout
Login
Logout
Login
Logout
Login
MacBook Pro Laptop is Purchased
Logout
Login
MacBook air Laptop is Purchased
Logout
Login
Nexus6 is Purchased
Logout
Login
Nokia lumia 1520 is Purchased
Logout
Login
Samsung galaxys6 is Purchased
Logout
Login
Samsung galaxys7 is Purchased
Logout
Login
Sony vaio i5 is Purchased
Logout
Login
Sony vaio i7 is Purchased
Logout
Login
Sony xperia z5 is Purchased
Logout
After class
Before class
Login
Contact Message is successfully sent 
Logout
Login
Login is successfully done
Logout
Login
Advertisement is played successfully 
Logout
Login
Signup is successfully done
Logout
After class
Before class
Login
ASUS Full HD is Purchased
Logout
Login
Apple Monitor24 is Purchased
Logout
After class
After test
close connection to database]]>
  </system-out>
</testsuite> <!-- testScripts.MonitorTest -->
