<?xml version="1.0" encoding="UTF-8"?>
<!-- Generated by org.testng.reporters.JUnitReportReporter -->
<testsuite hostname="DESKTOP-28" failures="0" tests="1" name="testScripts.LaptopTest" time="34.273" errors="0" timestamp="2024-03-05T18:35:51 IST" skipped="0">
  <testcase classname="testScripts.LaptopTest" name="Sonyvaioi5" time="34.273">
    <system-out>
      <![CDATA[Sony vaio i5 Laptop is Purchased]]>
    </system-out>
  </testcase> <!-- Sonyvaioi5 -->
  <system-out>
    <![CDATA[connect to database
Before test
Before class
Login
Sony vaio i5 Laptop is Purchased
Logout
After class
After test
close connection to database]]>
  </system-out>
</testsuite> <!-- testScripts.LaptopTest -->
